<?xml version="1.0" encoding="UTF-8"?>
<coverage generated="1562969799601" clover="3.2.0">
  <project timestamp="1562969799601" name="All files">
    <metrics statements="47" coveredstatements="30" conditionals="36" coveredconditionals="13" methods="26" coveredmethods="13" elements="109" coveredelements="56" complexity="0" loc="47" ncloc="47" packages="3" files="5" classes="5"/>
    <package name="js.raw-access.raw-access">
      <metrics statements="24" coveredstatements="20" conditionals="14" coveredconditionals="8" methods="14" coveredmethods="9"/>
      <file name="s2-endpoint.js" path="/home/trevor/dev/projects/orgs/subscribeto/ts-api/js/raw-access/raw-access/s2-endpoint.js">
        <metrics statements="4" coveredstatements="4" conditionals="1" coveredconditionals="0" methods="1" coveredmethods="1"/>
        <line num="2" count="1" type="stmt"/>
        <line num="3" count="1" type="stmt"/>
        <line num="6" count="1" type="stmt"/>
        <line num="9" count="1" type="stmt"/>
      </file>
      <file name="s2-user-endpoint.js" path="/home/trevor/dev/projects/orgs/subscribeto/ts-api/js/raw-access/raw-access/s2-user-endpoint.js">
        <metrics statements="20" coveredstatements="16" conditionals="13" coveredconditionals="8" methods="13" coveredmethods="8"/>
        <line num="2" count="1" type="cond" truecount="3" falsecount="0"/>
        <line num="3" count="1" type="cond" truecount="2" falsecount="0"/>
        <line num="4" count="0" type="stmt"/>
        <line num="5" count="0" type="stmt"/>
        <line num="6" count="1" type="cond" truecount="1" falsecount="1"/>
        <line num="7" count="1" type="cond" truecount="2" falsecount="0"/>
        <line num="10" count="1" type="stmt"/>
        <line num="11" count="1" type="stmt"/>
        <line num="12" count="1" type="stmt"/>
        <line num="15" count="1" type="stmt"/>
        <line num="18" count="1" type="stmt"/>
        <line num="21" count="1" type="stmt"/>
        <line num="24" count="1" type="stmt"/>
        <line num="27" count="1" type="stmt"/>
        <line num="30" count="1" type="stmt"/>
        <line num="31" count="1" type="stmt"/>
        <line num="35" count="0" type="stmt"/>
        <line num="38" count="1" type="stmt"/>
        <line num="41" count="0" type="stmt"/>
        <line num="44" count="1" type="stmt"/>
      </file>
    </package>
    <package name="js.tests.typit-types.tests.typit-types">
      <metrics statements="4" coveredstatements="3" conditionals="0" coveredconditionals="0" methods="1" coveredmethods="0"/>
      <file name="s2-typit-token-response-structure.js" path="/home/trevor/dev/projects/orgs/subscribeto/ts-api/js/tests/typit-types/tests/typit-types/s2-typit-token-response-structure.js">
        <metrics statements="4" coveredstatements="3" conditionals="0" coveredconditionals="0" methods="1" coveredmethods="0"/>
        <line num="2" count="1" type="stmt"/>
        <line num="3" count="1" type="stmt"/>
        <line num="6" count="0" type="stmt"/>
        <line num="10" count="1" type="stmt"/>
      </file>
    </package>
    <package name="ts">
      <metrics statements="19" coveredstatements="7" conditionals="22" coveredconditionals="5" methods="11" coveredmethods="4"/>
      <file name="s2-api-response.ts" path="/home/trevor/dev/projects/orgs/subscribeto/ts-api/ts/s2-api-response.ts">
        <metrics statements="9" coveredstatements="2" conditionals="11" coveredconditionals="0" methods="5" coveredmethods="0"/>
        <line num="7" count="2" type="stmt"/>
        <line num="16" count="1" type="stmt"/>
        <line num="20" count="0" type="stmt"/>
        <line num="32" count="0" type="cond" truecount="0" falsecount="2"/>
        <line num="44" count="0" type="cond" truecount="0" falsecount="4"/>
        <line num="48" count="0" type="stmt"/>
        <line num="54" count="0" type="cond" truecount="0" falsecount="2"/>
        <line num="61" count="0" type="stmt"/>
        <line num="67" count="0" type="stmt"/>
      </file>
      <file name="s2-api.ts" path="/home/trevor/dev/projects/orgs/subscribeto/ts-api/ts/s2-api.ts">
        <metrics statements="10" coveredstatements="5" conditionals="11" coveredconditionals="5" methods="6" coveredmethods="4"/>
        <line num="7" count="6" type="cond" truecount="5" falsecount="0"/>
        <line num="20" count="1" type="stmt"/>
        <line num="60" count="1" type="stmt"/>
        <line num="62" count="1" type="stmt"/>
        <line num="64" count="1" type="stmt"/>
        <line num="66" count="0" type="stmt"/>
        <line num="68" count="0" type="cond" truecount="0" falsecount="2"/>
        <line num="99" count="0" type="stmt"/>
        <line num="100" count="0" type="stmt"/>
        <line num="102" count="0" type="stmt"/>
      </file>
    </package>
  </project>
</coverage>
