{"/home/trevor/dev/projects/orgs/subscribeto/ts-api/js/raw-access/raw-access/s2-endpoint.js": {"path":"/home/trevor/dev/projects/orgs/subscribeto/ts-api/js/raw-access/raw-access/s2-endpoint.js","statementMap":{"0":{"start":{"line":2,"column":0},"end":{"line":2,"column":null}},"1":{"start":{"line":3,"column":17},"end":{"line":3,"column":null}},"2":{"start":{"line":6,"column":8},"end":{"line":6,"column":null}},"3":{"start":{"line":9,"column":0},"end":{"line":9,"column":null}}},"fnMap":{"0":{"name":"(anonymous_0)","decl":{"start":{"line":5,"column":4},"end":{"line":5,"column":26}},"loc":{"start":{"line":5,"column":35},"end":{"line":6,"column":null}}}},"branchMap":{"0":{"loc":{"start":{"line":5,"column":35},"end":{"line":5,"column":null}},"type":"default-arg","locations":[{"start":{"line":5,"column":35},"end":{"line":5,"column":null}}]}},"s":{"0":1,"1":1,"2":1,"3":1},"f":{"0":1},"b":{"0":[0]}}
,"/home/trevor/dev/projects/orgs/subscribeto/ts-api/js/raw-access/raw-access/s2-user-endpoint.js": {"path":"/home/trevor/dev/projects/orgs/subscribeto/ts-api/js/raw-access/raw-access/s2-user-endpoint.js","statementMap":{"0":{"start":{"line":2,"column":17},"end":{"line":7,"column":null}},"1":{"start":{"line":3,"column":4},"end":{"line":7,"column":null}},"2":{"start":{"line":4,"column":36},"end":{"line":4,"column":null}},"3":{"start":{"line":4,"column":42},"end":{"line":4,"column":73}},"4":{"start":{"line":4,"column":85},"end":{"line":4,"column":null}},"5":{"start":{"line":5,"column":35},"end":{"line":5,"column":null}},"6":{"start":{"line":5,"column":41},"end":{"line":5,"column":76}},"7":{"start":{"line":5,"column":88},"end":{"line":5,"column":null}},"8":{"start":{"line":6,"column":32},"end":{"line":6,"column":null}},"9":{"start":{"line":6,"column":97},"end":{"line":6,"column":123}},"10":{"start":{"line":7,"column":8},"end":{"line":7,"column":null}},"11":{"start":{"line":10,"column":0},"end":{"line":10,"column":null}},"12":{"start":{"line":11,"column":17},"end":{"line":11,"column":null}},"13":{"start":{"line":12,"column":22},"end":{"line":12,"column":null}},"14":{"start":{"line":15,"column":8},"end":{"line":15,"column":null}},"15":{"start":{"line":18,"column":0},"end":{"line":18,"column":null}},"16":{"start":{"line":21,"column":8},"end":{"line":21,"column":null}},"17":{"start":{"line":24,"column":0},"end":{"line":24,"column":null}},"18":{"start":{"line":27,"column":8},"end":{"line":27,"column":null}},"19":{"start":{"line":30,"column":8},"end":{"line":31,"column":null}},"20":{"start":{"line":31,"column":12},"end":{"line":31,"column":null}},"21":{"start":{"line":35,"column":8},"end":{"line":35,"column":null}},"22":{"start":{"line":38,"column":0},"end":{"line":38,"column":null}},"23":{"start":{"line":41,"column":8},"end":{"line":41,"column":null}},"24":{"start":{"line":44,"column":0},"end":{"line":44,"column":null}}},"fnMap":{"0":{"name":"(anonymous_0)","decl":{"start":{"line":2,"column":44},"end":{"line":2,"column":54}},"loc":{"start":{"line":2,"column":78},"end":{"line":7,"column":null}}},"1":{"name":"(anonymous_1)","decl":{"start":{"line":3,"column":36},"end":{"line":3,"column":46}},"loc":{"start":{"line":3,"column":55},"end":{"line":7,"column":null}}},"2":{"name":"r","decl":{"start":{"line":4,"column":17},"end":{"line":4,"column":27}},"loc":{"start":{"line":4,"column":27},"end":{"line":4,"column":null}}},"3":{"name":"p","decl":{"start":{"line":5,"column":17},"end":{"line":5,"column":26}},"loc":{"start":{"line":5,"column":26},"end":{"line":5,"column":null}}},"4":{"name":"d","decl":{"start":{"line":6,"column":17},"end":{"line":6,"column":22}},"loc":{"start":{"line":6,"column":22},"end":{"line":6,"column":null}}},"5":{"name":"(anonymous_5)","decl":{"start":{"line":6,"column":76},"end":{"line":6,"column":86}},"loc":{"start":{"line":6,"column":86},"end":{"line":6,"column":123}}},"6":{"name":"(anonymous_6)","decl":{"start":{"line":14,"column":4},"end":{"line":14,"column":26}},"loc":{"start":{"line":14,"column":35},"end":{"line":15,"column":null}}},"7":{"name":"(anonymous_7)","decl":{"start":{"line":20,"column":4},"end":{"line":20,"column":26}},"loc":{"start":{"line":20,"column":35},"end":{"line":21,"column":null}}},"8":{"name":"(anonymous_8)","decl":{"start":{"line":26,"column":4},"end":{"line":26,"column":26}},"loc":{"start":{"line":26,"column":35},"end":{"line":27,"column":null}}},"9":{"name":"(anonymous_9)","decl":{"start":{"line":29,"column":4},"end":{"line":29,"column":18}},"loc":{"start":{"line":29,"column":25},"end":{"line":31,"column":null}}},"10":{"name":"(anonymous_10)","decl":{"start":{"line":30,"column":47},"end":{"line":30,"column":null}},"loc":{"start":{"line":30,"column":47},"end":{"line":31,"column":null}}},"11":{"name":"(anonymous_11)","decl":{"start":{"line":34,"column":4},"end":{"line":34,"column":20}},"loc":{"start":{"line":34,"column":27},"end":{"line":35,"column":null}}},"12":{"name":"(anonymous_12)","decl":{"start":{"line":40,"column":4},"end":{"line":40,"column":26}},"loc":{"start":{"line":40,"column":35},"end":{"line":41,"column":null}}}},"branchMap":{"0":{"loc":{"start":{"line":2,"column":17},"end":{"line":2,"column":25}},"type":"binary-expr","locations":[{"start":{"line":2,"column":17},"end":{"line":2,"column":25}},{"start":{"line":2,"column":25},"end":{"line":2,"column":44}},{"start":{"line":2,"column":44},"end":{"line":7,"column":null}}]},"1":{"loc":{"start":{"line":3,"column":16},"end":{"line":3,"column":22}},"type":"binary-expr","locations":[{"start":{"line":3,"column":16},"end":{"line":3,"column":22}},{"start":{"line":3,"column":22},"end":{"line":3,"column":36}}]},"2":{"loc":{"start":{"line":6,"column":46},"end":{"line":6,"column":70}},"type":"cond-expr","locations":[{"start":{"line":6,"column":46},"end":{"line":6,"column":70}},{"start":{"line":6,"column":70},"end":{"line":6,"column":null}}]},"3":{"loc":{"start":{"line":7,"column":51},"end":{"line":7,"column":65}},"type":"binary-expr","locations":[{"start":{"line":7,"column":51},"end":{"line":7,"column":65}},{"start":{"line":7,"column":65},"end":{"line":7,"column":70}}]},"4":{"loc":{"start":{"line":14,"column":35},"end":{"line":14,"column":null}},"type":"default-arg","locations":[{"start":{"line":14,"column":35},"end":{"line":14,"column":null}}]},"5":{"loc":{"start":{"line":20,"column":35},"end":{"line":20,"column":null}},"type":"default-arg","locations":[{"start":{"line":20,"column":35},"end":{"line":20,"column":null}}]},"6":{"loc":{"start":{"line":26,"column":35},"end":{"line":26,"column":null}},"type":"default-arg","locations":[{"start":{"line":26,"column":35},"end":{"line":26,"column":null}}]},"7":{"loc":{"start":{"line":40,"column":35},"end":{"line":40,"column":null}},"type":"default-arg","locations":[{"start":{"line":40,"column":35},"end":{"line":40,"column":null}}]}},"s":{"0":1,"1":1,"2":0,"3":0,"4":0,"5":0,"6":0,"7":0,"8":1,"9":0,"10":1,"11":1,"12":1,"13":1,"14":1,"15":1,"16":1,"17":1,"18":1,"19":1,"20":1,"21":0,"22":1,"23":0,"24":1},"f":{"0":1,"1":1,"2":0,"3":0,"4":1,"5":0,"6":1,"7":1,"8":1,"9":1,"10":1,"11":0,"12":0},"b":{"0":[1,1,1],"1":[1,1],"2":[1,0],"3":[1,1],"4":[0],"5":[0],"6":[0],"7":[0]}}
,"/home/trevor/dev/projects/orgs/subscribeto/ts-api/js/tests/typit-types/tests/typit-types/s2-typit-token-response-structure.js": {"path":"/home/trevor/dev/projects/orgs/subscribeto/ts-api/js/tests/typit-types/tests/typit-types/s2-typit-token-response-structure.js","statementMap":{"0":{"start":{"line":2,"column":0},"end":{"line":2,"column":null}},"1":{"start":{"line":3,"column":16},"end":{"line":3,"column":null}},"2":{"start":{"line":6,"column":8},"end":{"line":7,"column":null}},"3":{"start":{"line":10,"column":0},"end":{"line":10,"column":null}}},"fnMap":{"0":{"name":"(anonymous_0)","decl":{"start":{"line":5,"column":4},"end":{"line":5,"column":null}},"loc":{"start":{"line":5,"column":4},"end":{"line":7,"column":null}}}},"branchMap":{},"s":{"0":1,"1":1,"2":0,"3":1},"f":{"0":0},"b":{}}
,"/home/trevor/dev/projects/orgs/subscribeto/ts-api/ts/s2-api-response.ts": {"path":"/home/trevor/dev/projects/orgs/subscribeto/ts-api/ts/s2-api-response.ts","statementMap":{"0":{"start":{"line":7,"column":0},"end":{"line":7,"column":null}},"1":{"start":{"line":20,"column":9},"end":{"line":26,"column":null}},"2":{"start":{"line":32,"column":2},"end":{"line":38,"column":null}},"3":{"start":{"line":44,"column":2},"end":{"line":48,"column":null}},"4":{"start":{"line":48,"column":4},"end":{"line":48,"column":null}},"5":{"start":{"line":54,"column":2},"end":{"line":55,"column":null}},"6":{"start":{"line":61,"column":2},"end":{"line":61,"column":null}},"7":{"start":{"line":67,"column":2},"end":{"line":67,"column":null}},"8":{"start":{"line":16,"column":0},"end":{"line":16,"column":13}}},"fnMap":{"0":{"name":"(anonymous_0)","decl":{"start":{"line":22,"column":1},"end":{"line":22,"column":20}},"loc":{"start":{"line":22,"column":76},"end":{"line":26,"column":null}}},"1":{"name":"(anonymous_1)","decl":{"start":{"line":30,"column":8},"end":{"line":30,"column":null}},"loc":{"start":{"line":30,"column":8},"end":{"line":38,"column":null}}},"2":{"name":"(anonymous_2)","decl":{"start":{"line":42,"column":8},"end":{"line":42,"column":null}},"loc":{"start":{"line":42,"column":8},"end":{"line":55,"column":null}}},"3":{"name":"(anonymous_3)","decl":{"start":{"line":59,"column":8},"end":{"line":59,"column":null}},"loc":{"start":{"line":59,"column":8},"end":{"line":61,"column":null}}},"4":{"name":"(anonymous_4)","decl":{"start":{"line":65,"column":8},"end":{"line":65,"column":null}},"loc":{"start":{"line":65,"column":8},"end":{"line":67,"column":null}}}},"branchMap":{"0":{"loc":{"start":{"line":22,"column":46},"end":{"line":22,"column":null}},"type":"default-arg","locations":[{"start":{"line":22,"column":46},"end":{"line":22,"column":null}}]},"1":{"loc":{"start":{"line":26,"column":7},"end":{"line":26,"column":27}},"type":"binary-expr","locations":[{"start":{"line":26,"column":7},"end":{"line":26,"column":27}},{"start":{"line":26,"column":27},"end":{"line":26,"column":null}}]},"2":{"loc":{"start":{"line":32,"column":2},"end":{"line":32,"column":null}},"type":"binary-expr","locations":[{"start":{"line":32,"column":2},"end":{"line":32,"column":null}},{"start":{"line":36,"column":2},"end":{"line":38,"column":null}}]},"3":{"loc":{"start":{"line":44,"column":2},"end":{"line":48,"column":null}},"type":"if","locations":[{"start":{"line":44,"column":2},"end":{"line":48,"column":null}},{"start":{"line":44,"column":2},"end":{"line":48,"column":null}}]},"4":{"loc":{"start":{"line":44,"column":2},"end":{"line":44,"column":null}},"type":"binary-expr","locations":[{"start":{"line":44,"column":2},"end":{"line":44,"column":null}},{"start":{"line":44,"column":12},"end":{"line":46,"column":null}}]},"5":{"loc":{"start":{"line":54,"column":49},"end":{"line":54,"column":null}},"type":"cond-expr","locations":[{"start":{"line":54,"column":49},"end":{"line":54,"column":null}},{"start":{"line":55,"column":14},"end":{"line":55,"column":null}}]}},"s":{"0":2,"1":0,"2":0,"3":0,"4":0,"5":0,"6":0,"7":0,"8":1},"f":{"0":0,"1":0,"2":0,"3":0,"4":0},"b":{"0":[0],"1":[0,0],"2":[0,0],"3":[0,0],"4":[0,0],"5":[0,0]}}
,"/home/trevor/dev/projects/orgs/subscribeto/ts-api/ts/s2-api.ts": {"path":"/home/trevor/dev/projects/orgs/subscribeto/ts-api/ts/s2-api.ts","statementMap":{"0":{"start":{"line":7,"column":0},"end":{"line":7,"column":null}},"1":{"start":{"line":60,"column":2},"end":{"line":85,"column":null}},"2":{"start":{"line":62,"column":2},"end":{"line":85,"column":null}},"3":{"start":{"line":64,"column":29},"end":{"line":64,"column":null}},"4":{"start":{"line":66,"column":3},"end":{"line":85,"column":null}},"5":{"start":{"line":68,"column":8},"end":{"line":70,"column":null}},"6":{"start":{"line":99,"column":2},"end":{"line":100,"column":null}},"7":{"start":{"line":99,"column":8},"end":{"line":99,"column":null}},"8":{"start":{"line":100,"column":14},"end":{"line":100,"column":null}},"9":{"start":{"line":102,"column":2},"end":{"line":102,"column":null}},"10":{"start":{"line":20,"column":24},"end":{"line":18,"column":13}}},"fnMap":{"0":{"name":"(anonymous_0)","decl":{"start":{"line":7,"column":0},"end":{"line":7,"column":null}},"loc":{"start":{"line":7,"column":0},"end":{"line":7,"column":null}}},"1":{"name":"(anonymous_6)","decl":{"start":{"line":56,"column":8},"end":{"line":56,"column":null}},"loc":{"start":{"line":60,"column":2},"end":{"line":85,"column":null}}},"2":{"name":"(anonymous_7)","decl":{"start":{"line":60,"column":2},"end":{"line":60,"column":null}},"loc":{"start":{"line":60,"column":2},"end":{"line":85,"column":null}}},"3":{"name":"(anonymous_8)","decl":{"start":{"line":62,"column":39},"end":{"line":62,"column":40}},"loc":{"start":{"line":62,"column":86},"end":{"line":85,"column":null}}},"4":{"name":"(anonymous_9)","decl":{"start":{"line":66,"column":44},"end":{"line":66,"column":null}},"loc":{"start":{"line":66,"column":44},"end":{"line":70,"column":null}}},"5":{"name":"(anonymous_10)","decl":{"start":{"line":97,"column":8},"end":{"line":97,"column":22}},"loc":{"start":{"line":97,"column":22},"end":{"line":102,"column":null}}}},"branchMap":{"0":{"loc":{"start":{"line":7,"column":0},"end":{"line":7,"column":null}},"type":"binary-expr","locations":[{"start":{"line":7,"column":0},"end":{"line":7,"column":null}},{"start":{"line":7,"column":0},"end":{"line":7,"column":null}},{"start":{"line":7,"column":0},"end":{"line":7,"column":null}}]},"1":{"loc":{"start":{"line":7,"column":0},"end":{"line":7,"column":null}},"type":"binary-expr","locations":[{"start":{"line":7,"column":0},"end":{"line":7,"column":null}},{"start":{"line":7,"column":0},"end":{"line":7,"column":null}}]},"2":{"loc":{"start":{"line":68,"column":8},"end":{"line":68,"column":null}},"type":"binary-expr","locations":[{"start":{"line":68,"column":8},"end":{"line":68,"column":null}},{"start":{"line":70,"column":5},"end":{"line":70,"column":null}}]},"3":{"loc":{"start":{"line":76,"column":37},"end":{"line":78,"column":17}},"type":"binary-expr","locations":[{"start":{"line":76,"column":37},"end":{"line":78,"column":17}},{"start":{"line":78,"column":28},"end":{"line":78,"column":null}}]},"4":{"loc":{"start":{"line":82,"column":4},"end":{"line":83,"column":null}},"type":"cond-expr","locations":[{"start":{"line":82,"column":4},"end":{"line":83,"column":null}},{"start":{"line":85,"column":10},"end":{"line":85,"column":null}}]}},"s":{"0":6,"1":1,"2":1,"3":1,"4":0,"5":0,"6":0,"7":0,"8":0,"9":0,"10":1},"f":{"0":3,"1":1,"2":1,"3":1,"4":0,"5":0},"b":{"0":[1,1,1],"1":[3,2],"2":[0,0],"3":[0,0],"4":[0,0]}}
}
