TN:
SF:/home/trevor/dev/projects/orgs/subscribeto/ts-api/js/raw-access/raw-access/s2-endpoint.js
FN:5,(anonymous_0)
FNF:1
FNH:1
FNDA:1,(anonymous_0)
DA:2,1
DA:3,1
DA:6,1
DA:9,1
LF:4
LH:4
BRDA:5,0,0,0
BRF:1
BRH:0
end_of_record
TN:
SF:/home/trevor/dev/projects/orgs/subscribeto/ts-api/js/raw-access/raw-access/s2-user-endpoint.js
FN:2,(anonymous_0)
FN:3,(anonymous_1)
FN:4,r
FN:5,p
FN:6,d
FN:6,(anonymous_5)
FN:14,(anonymous_6)
FN:20,(anonymous_7)
FN:26,(anonymous_8)
FN:29,(anonymous_9)
FN:30,(anonymous_10)
FN:34,(anonymous_11)
FN:40,(anonymous_12)
FNF:13
FNH:8
FNDA:1,(anonymous_0)
FNDA:1,(anonymous_1)
FNDA:0,r
FNDA:0,p
FNDA:1,d
FNDA:0,(anonymous_5)
FNDA:1,(anonymous_6)
FNDA:1,(anonymous_7)
FNDA:1,(anonymous_8)
FNDA:1,(anonymous_9)
FNDA:1,(anonymous_10)
FNDA:0,(anonymous_11)
FNDA:0,(anonymous_12)
DA:2,1
DA:3,1
DA:4,0
DA:5,0
DA:6,1
DA:7,1
DA:10,1
DA:11,1
DA:12,1
DA:15,1
DA:18,1
DA:21,1
DA:24,1
DA:27,1
DA:30,1
DA:31,1
DA:35,0
DA:38,1
DA:41,0
DA:44,1
LF:20
LH:16
BRDA:2,0,0,1
BRDA:2,0,1,1
BRDA:2,0,2,1
BRDA:3,1,0,1
BRDA:3,1,1,1
BRDA:6,2,0,1
BRDA:6,2,1,0
BRDA:7,3,0,1
BRDA:7,3,1,1
BRDA:14,4,0,0
BRDA:20,5,0,0
BRDA:26,6,0,0
BRDA:40,7,0,0
BRF:13
BRH:8
end_of_record
TN:
SF:/home/trevor/dev/projects/orgs/subscribeto/ts-api/js/tests/typit-types/tests/typit-types/s2-typit-token-response-structure.js
FN:5,(anonymous_0)
FNF:1
FNH:0
FNDA:0,(anonymous_0)
DA:2,1
DA:3,1
DA:6,0
DA:10,1
LF:4
LH:3
BRF:0
BRH:0
end_of_record
TN:
SF:/home/trevor/dev/projects/orgs/subscribeto/ts-api/ts/s2-api-response.ts
FN:22,(anonymous_0)
FN:30,(anonymous_1)
FN:42,(anonymous_2)
FN:59,(anonymous_3)
FN:65,(anonymous_4)
FNF:5
FNH:0
FNDA:0,(anonymous_0)
FNDA:0,(anonymous_1)
FNDA:0,(anonymous_2)
FNDA:0,(anonymous_3)
FNDA:0,(anonymous_4)
DA:7,2
DA:16,1
DA:20,0
DA:32,0
DA:44,0
DA:48,0
DA:54,0
DA:61,0
DA:67,0
LF:9
LH:2
BRDA:22,0,0,0
BRDA:26,1,0,0
BRDA:26,1,1,0
BRDA:32,2,0,0
BRDA:32,2,1,0
BRDA:44,3,0,0
BRDA:44,3,1,0
BRDA:44,4,0,0
BRDA:44,4,1,0
BRDA:54,5,0,0
BRDA:54,5,1,0
BRF:11
BRH:0
end_of_record
TN:
SF:/home/trevor/dev/projects/orgs/subscribeto/ts-api/ts/s2-api.ts
FN:7,(anonymous_0)
FN:56,(anonymous_6)
FN:60,(anonymous_7)
FN:62,(anonymous_8)
FN:66,(anonymous_9)
FN:97,(anonymous_10)
FNF:6
FNH:4
FNDA:3,(anonymous_0)
FNDA:1,(anonymous_6)
FNDA:1,(anonymous_7)
FNDA:1,(anonymous_8)
FNDA:0,(anonymous_9)
FNDA:0,(anonymous_10)
DA:7,6
DA:20,1
DA:60,1
DA:62,1
DA:64,1
DA:66,0
DA:68,0
DA:99,0
DA:100,0
DA:102,0
LF:10
LH:5
BRDA:7,0,0,1
BRDA:7,0,1,1
BRDA:7,0,2,1
BRDA:7,1,0,3
BRDA:7,1,1,2
BRDA:68,2,0,0
BRDA:68,2,1,0
BRDA:76,3,0,0
BRDA:76,3,1,0
BRDA:82,4,0,0
BRDA:82,4,1,0
BRF:11
BRH:5
end_of_record
